f p (100)
c f p (85.5244)
c f (85.5244)
c p (85.5244)
n f p e (87.7893)
n f p (87.7893)
n f e (87.7893)
n f (87.7893)
n p e (87.7893)
n p (87.7893)
n e (87.7893)
n w f p e (85.4259)
n w f p (85.4259)
n w f e (85.4259)
n w f (85.4259)
n w p e (85.4259)
n w p (85.4259)
n w e (85.4259)
n w (85.4259)
o f p (92.1713)
o f (92.1713)
o p (92.1713)
o b f p (86.8784)
o b f (86.8784)
o b p (86.8784)
o b (86.8784)
o e f p (88.6263)
o e f (88.6263)
o e p (88.6263)
o e (88.6263)
o e w f p (86.2629)
o e w f (86.2629)
o e w p (86.2629)
o e w (86.2629)
o w f p (89.808)
o w f (89.808)
o w p (89.808)
o w (89.808)
b f p (94.707)
b f (94.707)
b p (94.707)
b e f p (91.162)
b e f (91.162)
b e p (91.162)
b e (91.162)
b e w f p (88.7986)
b e w f (88.7986)
b e w p (88.7986)
b e w (88.7986)
b w f p (92.3437)
b w f (92.3437)
b w p (92.3437)
b w (92.3437)
e f p (96.4549)
e f (96.4549)
e p (96.4549)
e w f p (94.0916)
e w f (94.0916)
e w p (94.0916)
e w (94.0916)
w f p (97.6366)
w f (97.6366)
w p (97.6366)
