loss=none <- sex=Male gain=none (60.5049, 94.1627)
gain=none <- sex=Male (66.9205, 90.413)
loss=none <- sex=Male (66.9205, 94.7223)
gain=none <- workclass=Private country=United-States (61.8378, 92.1679)
loss=none <- workclass=Private country=United-States (61.8378, 95.5401)
loss=none <- workclass=Private gain=none (64.3838, 95.3158)
gain=none <- workclass=Private loss=none (66.6871, 92.0236)
gain=none <- workclass=Private (69.703, 92.3687)
loss=none <- workclass=Private (69.703, 95.6732)
loss=none <- salary=<=50K country=United-States gain=none (64.7032, 96.8008)
gain=none <- salary=<=50K country=United-States loss=none (65.4925, 95.6342)
gain=none <- salary=<=50K country=United-States (67.5624, 95.768)
loss=none <- salary=<=50K country=United-States (67.5624, 96.9362)
loss=none <- salary=<=50K gain=none (72.7404, 96.8503)
gain=none <- salary=<=50K loss=none (73.628, 95.6828)
gain=none <- salary=<=50K (75.919, 95.8131)
loss=none <- salary=<=50K (75.919, 96.9822)
loss=none <- country=United-States gain=none (81.9969, 94.835)
gain=none <- country=United-States loss=none (85.3506, 91.1086)
gain=none <- country=United-States (89.5857, 91.529)
loss=none <- country=United-States (89.5857, 95.2725)
loss=none <- gain=none (91.671, 94.9111)
gain=none <- loss=none (95.3349, 91.2634)
gain=none <-  (100, 91.671)
loss=none <-  (100, 95.3349)
